<?xml version="1.0" encoding="UTF-8"?>
<testsuite name="lotto.LottoTest" tests="2" skipped="0" failures="0" errors="0" timestamp="2024-09-02T09:32:04" hostname="seominjiui-MacBookAir.local" time="0.028">
  <properties/>
  <testcase name="로또 번호에 중복된 숫자가 있으면 예외가 발생한다." classname="lotto.LottoTest" time="0.027"/>
  <testcase name="로또 번호의 개수가 6개가 넘어가면 예외가 발생한다." classname="lotto.LottoTest" time="0.0"/>
  <system-out><![CDATA[[ERROR] 중복된 숫자를 입력하셨습니다.
[ERROR] 6개의 숫자를 입력하세요.
]]></system-out>
  <system-err><![CDATA[]]></system-err>
</testsuite>
