<?xml version="1.0" encoding="UTF-8"?>
<testsuite name="christmas.view.InputViewTest" tests="4" skipped="0" failures="0" errors="0" timestamp="2024-09-27T04:54:48" hostname="seominjiui-MacBookAir.local" time="0.031">
  <properties/>
  <testcase name="예상날짜_범위_실패()" classname="christmas.view.InputViewTest" time="0.022"/>
  <testcase name="예상날짜_범위_실패2()" classname="christmas.view.InputViewTest" time="0.001"/>
  <testcase name="예상날짜_입력_성공()" classname="christmas.view.InputViewTest" time="0.002"/>
  <testcase name="예상날짜_숫자입력_실패()" classname="christmas.view.InputViewTest" time="0.001"/>
  <system-out><![CDATA[12월 중 식당 예상 방문 날짜는 언제인가요? (숫자만 입력해 주세요!)
12월 중 식당 예상 방문 날짜는 언제인가요? (숫자만 입력해 주세요!)
12월 중 식당 예상 방문 날짜는 언제인가요? (숫자만 입력해 주세요!)
12월 중 식당 예상 방문 날짜는 언제인가요? (숫자만 입력해 주세요!)
]]></system-out>
  <system-err><![CDATA[]]></system-err>
</testsuite>
