<?xml version="1.0" encoding="UTF-8"?>
<testsuite name="christmas.domain.MenuTest" tests="2" skipped="0" failures="0" errors="0" timestamp="2024-09-27T08:47:35" hostname="seominjiui-MacBookAir.local" time="0.009">
  <properties/>
  <testcase name="메뉴찾기_성공()" classname="christmas.domain.MenuTest" time="0.007"/>
  <testcase name="메뉴찾기_실패()" classname="christmas.domain.MenuTest" time="0.001"/>
  <system-out><![CDATA[]]></system-out>
  <system-err><![CDATA[]]></system-err>
</testsuite>
