<?xml version="1.0" encoding="UTF-8"?>
<testsuite name="bridge.BridgeTest" tests="1" skipped="0" failures="0" errors="0" timestamp="2024-09-13T05:13:16" hostname="seominjiui-MacBookAir.local" time="0.008">
  <properties/>
  <testcase name="Bridge 테스트 (입력 : D)" classname="bridge.BridgeTest" time="0.008"/>
  <system-out><![CDATA[]]></system-out>
  <system-err><![CDATA[]]></system-err>
</testsuite>
