<?xml version="1.0" encoding="UTF-8"?>
<testsuite name="bridge.InputViewTest" tests="9" skipped="0" failures="0" errors="0" timestamp="2024-09-09T07:52:38" hostname="seominjiui-MacBookAir.local" time="0.018">
  <properties/>
  <testcase name="다리 길이 입력 성공" classname="bridge.InputViewTest" time="0.011"/>
  <testcase name="이동할 칸 입력 실패 2" classname="bridge.InputViewTest" time="0.001"/>
  <testcase name="게임 재시도, 종료 여부 입력 성공" classname="bridge.InputViewTest" time="0.0"/>
  <testcase name="게임 재시도, 종료 여부 입력 실패 2" classname="bridge.InputViewTest" time="0.0"/>
  <testcase name="다리 길이 입력 실패" classname="bridge.InputViewTest" time="0.001"/>
  <testcase name="다리 길이 입력 실패 2" classname="bridge.InputViewTest" time="0.001"/>
  <testcase name="게임 재시도, 종료 여부 입력 실패" classname="bridge.InputViewTest" time="0.0"/>
  <testcase name="이동할 칸 입력 실패" classname="bridge.InputViewTest" time="0.0"/>
  <testcase name="이동할 칸 입력 성공" classname="bridge.InputViewTest" time="0.001"/>
  <system-out><![CDATA[다리의 길이를 입력해주세요.
이동할 칸을 선택해주세요. (위: U, 아래: D)
게임을 다시 시도할지 여부를 입력해주세요. (재시도: R, 종료: Q)
게임을 다시 시도할지 여부를 입력해주세요. (재시도: R, 종료: Q)
다리의 길이를 입력해주세요.
다리의 길이를 입력해주세요.
게임을 다시 시도할지 여부를 입력해주세요. (재시도: R, 종료: Q)
이동할 칸을 선택해주세요. (위: U, 아래: D)
이동할 칸을 선택해주세요. (위: U, 아래: D)
]]></system-out>
  <system-err><![CDATA[]]></system-err>
</testsuite>
