<?xml version="1.0" encoding="UTF-8"?>
<testsuite name="bridge.BridgeTest" tests="1" skipped="0" failures="0" errors="0" timestamp="2024-09-09T09:26:28" hostname="seominjiui-MacBookAir.local" time="0.007">
  <properties/>
  <testcase name="makeBridgeWithMockGenerator()" classname="bridge.BridgeTest" time="0.007"/>
  <system-out><![CDATA[]]></system-out>
  <system-err><![CDATA[]]></system-err>
</testsuite>
