<?xml version="1.0" encoding="UTF-8"?>
<testsuite name="bridge.ApplicationTest" tests="1" skipped="0" failures="0" errors="0" timestamp="2024-09-14T05:23:20" hostname="seominjiui-MacBookAir.local" time="0.704">
  <properties/>
  <testcase name="기능_테스트()" classname="bridge.ApplicationTest" time="0.704"/>
  <system-out><![CDATA[다리 건너기 게임을 시작합니다.
다리의 길이를 입력해주세요.
이동할 칸을 선택해주세요. (위: U, 아래: D)
[ O ]
[   ]
이동할 칸을 선택해주세요. (위: U, 아래: D)
[ O |   ]
[   | O ]
이동할 칸을 선택해주세요. (위: U, 아래: D)
[ O |   | O ]
[   | O |   ]
최종 게임 결과
[ O |   | O ]
[   | O |   ]

게임 성공 여부: 성공
총 시도한 횟수: 1
]]></system-out>
  <system-err><![CDATA[]]></system-err>
</testsuite>
