<?xml version="1.0" encoding="UTF-8"?>
<testsuite name="baseball.ValidateTest" tests="1" skipped="0" failures="0" errors="0" timestamp="2024-08-29T01:16:12" hostname="seominjiui-MacBookAir.local" time="0.006">
  <properties/>
  <testcase name="validateNumber2()" classname="baseball.ValidateTest" time="0.006"/>
  <system-out><![CDATA[]]></system-out>
  <system-err><![CDATA[]]></system-err>
</testsuite>
